<?xml version="1.0" encoding="UTF-8"?>
<!-- Generated by org.testng.reporters.JUnitReportReporter -->
<testsuite skipped="0" hostname="AIPL2807LT03573" name="Basics.ExtentDemo" tests="3" failures="0" timestamp="2020-07-29T10:16:45 IST" time="34.332" errors="0">
  <testcase name="smokeTest" time="8.573" classname="Basics.ExtentDemo"/>
  <testcase name="regressionTest" time="12.436" classname="Basics.ExtentDemo"/>
  <testcase name="sanityTest" time="13.323" classname="Basics.ExtentDemo"/>
</testsuite> <!-- Basics.ExtentDemo -->
